<?xml version="1.0" encoding="UTF-8"?>
<testng-results ignored="0" total="1" passed="1" failed="0" skipped="0">
  <reporter-output>
  </reporter-output>
  <suite started-at="2024-10-30T22:47:28 GMT" name="Default suite" finished-at="2024-10-30T22:47:32 GMT" duration-ms="3708">
    <groups>
    </groups>
    <test started-at="2024-10-30T22:47:28 GMT" name="Default test" finished-at="2024-10-30T22:47:32 GMT" duration-ms="3708">
      <class name="testforng">
        <test-method signature="test1()[pri:0, instance:testforng@1a04f701]" started-at="2024-10-30T22:47:28 GMT" name="test1" finished-at="2024-10-30T22:47:32 GMT" duration-ms="3691" status="PASS">
          <reporter-output>
          </reporter-output>
        </test-method> <!-- test1 -->
      </class> <!-- testforng -->
    </test> <!-- Default test -->
  </suite> <!-- Default suite -->
</testng-results>
